{"/Users/larrylamouth/Pursuit/SandBox/practiceRepo/10.5users.js": {"path":"/Users/larrylamouth/Pursuit/SandBox/practiceRepo/10.5users.js","statementMap":{"0":{"start":{"line":1,"column":14},"end":{"line":237,"column":3}},"1":{"start":{"line":239,"column":2},"end":{"line":239,"column":25}}},"fnMap":{},"branchMap":{},"s":{"0":1,"1":1},"f":{},"b":{},"_coverageSchema":"1a1c01bbd47fc00a2c39e90264f33305004495a9","hash":"17420e899d532d78f7633dd4dc9a092e018e2e91"}
,"/Users/larrylamouth/Pursuit/SandBox/practiceRepo/dataPractice.js": {"path":"/Users/larrylamouth/Pursuit/SandBox/practiceRepo/dataPractice.js","statementMap":{"0":{"start":{"line":1,"column":14},"end":{"line":1,"column":36}},"1":{"start":{"line":9,"column":23},"end":{"line":11,"column":1}},"2":{"start":{"line":13,"column":0},"end":{"line":13,"column":34}},"3":{"start":{"line":21,"column":24},"end":{"line":23,"column":1}},"4":{"start":{"line":25,"column":0},"end":{"line":25,"column":35}},"5":{"start":{"line":33,"column":35},"end":{"line":35,"column":1}},"6":{"start":{"line":37,"column":0},"end":{"line":37,"column":66}},"7":{"start":{"line":45,"column":36},"end":{"line":47,"column":1}},"8":{"start":{"line":49,"column":0},"end":{"line":49,"column":68}},"9":{"start":{"line":57,"column":27},"end":{"line":59,"column":1}},"10":{"start":{"line":61,"column":0},"end":{"line":61,"column":38}},"11":{"start":{"line":69,"column":39},"end":{"line":71,"column":1}},"12":{"start":{"line":73,"column":0},"end":{"line":73,"column":50}},"13":{"start":{"line":81,"column":24},"end":{"line":83,"column":1}},"14":{"start":{"line":85,"column":0},"end":{"line":85,"column":35}},"15":{"start":{"line":86,"column":0},"end":{"line":86,"column":45}},"16":{"start":{"line":87,"column":0},"end":{"line":87,"column":52}},"17":{"start":{"line":88,"column":0},"end":{"line":88,"column":50}},"18":{"start":{"line":89,"column":0},"end":{"line":89,"column":51}},"19":{"start":{"line":92,"column":0},"end":{"line":100,"column":2}}},"fnMap":{"0":{"name":"(anonymous_0)","decl":{"start":{"line":9,"column":23},"end":{"line":9,"column":24}},"loc":{"start":{"line":9,"column":34},"end":{"line":11,"column":1}},"line":9},"1":{"name":"(anonymous_1)","decl":{"start":{"line":21,"column":24},"end":{"line":21,"column":25}},"loc":{"start":{"line":21,"column":35},"end":{"line":23,"column":1}},"line":21},"2":{"name":"(anonymous_2)","decl":{"start":{"line":33,"column":35},"end":{"line":33,"column":36}},"loc":{"start":{"line":33,"column":46},"end":{"line":35,"column":1}},"line":33},"3":{"name":"(anonymous_3)","decl":{"start":{"line":45,"column":36},"end":{"line":45,"column":37}},"loc":{"start":{"line":45,"column":47},"end":{"line":47,"column":1}},"line":45},"4":{"name":"(anonymous_4)","decl":{"start":{"line":57,"column":27},"end":{"line":57,"column":28}},"loc":{"start":{"line":57,"column":38},"end":{"line":59,"column":1}},"line":57},"5":{"name":"(anonymous_5)","decl":{"start":{"line":69,"column":39},"end":{"line":69,"column":40}},"loc":{"start":{"line":69,"column":50},"end":{"line":71,"column":1}},"line":69},"6":{"name":"(anonymous_6)","decl":{"start":{"line":81,"column":24},"end":{"line":81,"column":25}},"loc":{"start":{"line":81,"column":43},"end":{"line":83,"column":1}},"line":81}},"branchMap":{},"s":{"0":1,"1":1,"2":1,"3":1,"4":1,"5":1,"6":1,"7":1,"8":1,"9":1,"10":1,"11":1,"12":1,"13":1,"14":1,"15":1,"16":1,"17":1,"18":1,"19":1},"f":{"0":2,"1":2,"2":2,"3":2,"4":2,"5":2,"6":8},"b":{},"_coverageSchema":"1a1c01bbd47fc00a2c39e90264f33305004495a9","hash":"a60997b899aceddfe421ef77560e3c768f55c8cc"}
}
