TN:
SF:10.5users.js
FNF:0
FNH:0
DA:1,1
DA:239,1
LF:2
LH:2
BRF:0
BRH:0
end_of_record
TN:
SF:dataPractice.js
FN:9,(anonymous_0)
FN:21,(anonymous_1)
FN:33,(anonymous_2)
FN:45,(anonymous_3)
FN:57,(anonymous_4)
FN:69,(anonymous_5)
FN:81,(anonymous_6)
FNF:7
FNH:7
FNDA:2,(anonymous_0)
FNDA:2,(anonymous_1)
FNDA:2,(anonymous_2)
FNDA:2,(anonymous_3)
FNDA:2,(anonymous_4)
FNDA:2,(anonymous_5)
FNDA:8,(anonymous_6)
DA:1,1
DA:9,1
DA:13,1
DA:21,1
DA:25,1
DA:33,1
DA:37,1
DA:45,1
DA:49,1
DA:57,1
DA:61,1
DA:69,1
DA:73,1
DA:81,1
DA:85,1
DA:86,1
DA:87,1
DA:88,1
DA:89,1
DA:92,1
LF:20
LH:20
BRF:0
BRH:0
end_of_record
